<?xml version="1.0" encoding="UTF-8"?>
<!-- Generated by org.testng.reporters.JUnitReportReporter -->
<testsuite hostname="LAPTOP-U61P1HV7" failures="0" tests="1" name="com.Actitime.Testscript.CreatCustomer" time="22.418" errors="0" timestamp="2023-02-22T08:59:02 IST" skipped="0">
  <testcase classname="com.Actitime.Testscript.CreatCustomer" name="createCustomer" time="22.418"/>
  <system-out>
    <![CDATA[assertion pass]]>
  </system-out>
</testsuite> <!-- com.Actitime.Testscript.CreatCustomer -->
